<?xml version="1.0" encoding="UTF-8"?>
<!-- Generated by org.testng.reporters.JUnitReportReporter -->
<testsuite hostname="DESKTOP-50POJSR" failures="0" tests="1" name="practice.Invoice1Test" time="8.779" errors="0" timestamp="14 Aug 2024 06:02:29 GMT" skipped="0">
  <testcase classname="practice.Invoice1Test" name="activateSimTest" time="8.779"/>
</testsuite> <!-- practice.Invoice1Test -->
