<?xml version="1.0" encoding="UTF-8"?>
<!-- Generated by org.testng.reporters.JUnitReportReporter -->
<testsuite hostname="DESKTOP-50POJSR" failures="0" tests="1" name="com.testyantra.contacttest.CreateOrganizationTest" time="54.607" errors="0" timestamp="23 Aug 2024 10:48:50 GMT" skipped="0">
  <testcase classname="com.testyantra.contacttest.CreateOrganizationTest" name="createOrganization" time="54.607"/>
</testsuite> <!-- com.testyantra.contacttest.CreateOrganizationTest -->
