<?xml version="1.0" encoding="UTF-8"?>
<!-- Generated by org.testng.reporters.JUnitReportReporter -->
<testsuite hostname="DESKTOP-50POJSR" failures="0" tests="3" name="com.testyantra.contacttest.CreateContactTest" time="64.530" errors="0" timestamp="24 Aug 2024 15:03:47 GMT" skipped="0">
  <testcase classname="com.testyantra.contacttest.CreateContactTest" name="createContactWithOrganizationTest" time="28.191"/>
  <testcase classname="com.testyantra.contacttest.CreateContactTest" name="createContactWithPhoneNumber" time="18.181"/>
  <testcase classname="com.testyantra.contacttest.CreateContactTest" name="createContactTest" time="18.158"/>
</testsuite> <!-- com.testyantra.contacttest.CreateContactTest -->
