<?xml version="1.0" encoding="UTF-8"?>
<!-- Generated by org.testng.reporters.JUnitReportReporter -->
<testsuite hostname="DESKTOP-50POJSR" failures="0" tests="1" name="practice.SampleRepotTest" time="8.565" errors="0" timestamp="20 Aug 2024 13:20:47 GMT" skipped="0">
  <testcase classname="practice.SampleRepotTest" name="createContactTest" time="8.565"/>
</testsuite> <!-- practice.SampleRepotTest -->
